Build output check failed:
    Regex: 'command[- ]line option .* is valid for .* but not for C'
    Output line: 'cc1: warning: command line option ‘-Wnon-virtual-dtor’ is valid for C++/ObjC++ but not for C'
Compilation failed:
    source file: '/home/sampannat/Downloads/Learning/C++/Project/build/CMakeFiles/CMakeTmp/src.c'
    check option: ' -fsigned-char -W -Wall -Wreturn-type  -Wnon-virtual-dtor'
===== BUILD LOG =====
Change Dir: /home/sampannat/Downloads/Learning/C++/Project/build/CMakeFiles/CMakeTmp

Run Build Command(s):/usr/bin/make cmTC_b00fa/fast && /usr/bin/make -f CMakeFiles/cmTC_b00fa.dir/build.make CMakeFiles/cmTC_b00fa.dir/build
make[1]: Entering directory '/home/sampannat/Downloads/Learning/C++/Project/build/CMakeFiles/CMakeTmp'
Building C object CMakeFiles/cmTC_b00fa.dir/src.c.o
/usr/bin/cc   -O3 -DNDEBUG -fPIE    -fsigned-char -W -Wall -Wreturn-type  -Wnon-virtual-dtor -o CMakeFiles/cmTC_b00fa.dir/src.c.o   -c /home/sampannat/Downloads/Learning/C++/Project/build/CMakeFiles/CMakeTmp/src.c
cc1: warning: command line option ‘-Wnon-virtual-dtor’ is valid for C++/ObjC++ but not for C
/home/sampannat/Downloads/Learning/C++/Project/build/CMakeFiles/CMakeTmp/src.c:1: warning: ignoring #pragma   [-Wunknown-pragmas]
    1 | #pragma
      | 
Linking C executable cmTC_b00fa
/usr/bin/cmake -E cmake_link_script CMakeFiles/cmTC_b00fa.dir/link.txt --verbose=1
/usr/bin/cc   -O3 -DNDEBUG    CMakeFiles/cmTC_b00fa.dir/src.c.o  -o cmTC_b00fa 
make[1]: Leaving directory '/home/sampannat/Downloads/Learning/C++/Project/build/CMakeFiles/CMakeTmp'


===== END =====

Build output check failed:
    Regex: 'command[- ]line option .* is valid for .* but not for C\+\+'
    Output line: 'cc1plus: warning: command line option ‘-Wmissing-prototypes’ is valid for C/ObjC but not for C++'
Compilation failed:
    source file: '/home/sampannat/Downloads/Learning/C++/Project/build/CMakeFiles/CMakeTmp/src.cxx'
    check option: ' -fsigned-char -W -Wall -Wreturn-type -Wnon-virtual-dtor -Waddress -Wsequence-point -Wformat -Wformat-security -Wmissing-declarations  -Wmissing-prototypes'
===== BUILD LOG =====
Change Dir: /home/sampannat/Downloads/Learning/C++/Project/build/CMakeFiles/CMakeTmp

Run Build Command(s):/usr/bin/make cmTC_22753/fast && /usr/bin/make -f CMakeFiles/cmTC_22753.dir/build.make CMakeFiles/cmTC_22753.dir/build
make[1]: Entering directory '/home/sampannat/Downloads/Learning/C++/Project/build/CMakeFiles/CMakeTmp'
Building CXX object CMakeFiles/cmTC_22753.dir/src.cxx.o
/usr/bin/c++    -O3 -DNDEBUG -fPIE    -fsigned-char -W -Wall -Wreturn-type -Wnon-virtual-dtor -Waddress -Wsequence-point -Wformat -Wformat-security -Wmissing-declarations  -Wmissing-prototypes -std=c++11 -o CMakeFiles/cmTC_22753.dir/src.cxx.o -c /home/sampannat/Downloads/Learning/C++/Project/build/CMakeFiles/CMakeTmp/src.cxx
cc1plus: warning: command line option ‘-Wmissing-prototypes’ is valid for C/ObjC but not for C++
/home/sampannat/Downloads/Learning/C++/Project/build/CMakeFiles/CMakeTmp/src.cxx:1: warning: ignoring #pragma   [-Wunknown-pragmas]
    1 | #pragma
      | 
Linking CXX executable cmTC_22753
/usr/bin/cmake -E cmake_link_script CMakeFiles/cmTC_22753.dir/link.txt --verbose=1
/usr/bin/c++    -O3 -DNDEBUG    CMakeFiles/cmTC_22753.dir/src.cxx.o  -o cmTC_22753 
make[1]: Leaving directory '/home/sampannat/Downloads/Learning/C++/Project/build/CMakeFiles/CMakeTmp'


===== END =====

Build output check failed:
    Regex: 'command[- ]line option .* is valid for .* but not for C\+\+'
    Output line: 'cc1plus: warning: command line option ‘-Wstrict-prototypes’ is valid for C/ObjC but not for C++'
Compilation failed:
    source file: '/home/sampannat/Downloads/Learning/C++/Project/build/CMakeFiles/CMakeTmp/src.cxx'
    check option: ' -fsigned-char -W -Wall -Wreturn-type -Wnon-virtual-dtor -Waddress -Wsequence-point -Wformat -Wformat-security -Wmissing-declarations  -Wstrict-prototypes'
===== BUILD LOG =====
Change Dir: /home/sampannat/Downloads/Learning/C++/Project/build/CMakeFiles/CMakeTmp

Run Build Command(s):/usr/bin/make cmTC_5a9d9/fast && /usr/bin/make -f CMakeFiles/cmTC_5a9d9.dir/build.make CMakeFiles/cmTC_5a9d9.dir/build
make[1]: Entering directory '/home/sampannat/Downloads/Learning/C++/Project/build/CMakeFiles/CMakeTmp'
Building CXX object CMakeFiles/cmTC_5a9d9.dir/src.cxx.o
/usr/bin/c++    -O3 -DNDEBUG -fPIE    -fsigned-char -W -Wall -Wreturn-type -Wnon-virtual-dtor -Waddress -Wsequence-point -Wformat -Wformat-security -Wmissing-declarations  -Wstrict-prototypes -std=c++11 -o CMakeFiles/cmTC_5a9d9.dir/src.cxx.o -c /home/sampannat/Downloads/Learning/C++/Project/build/CMakeFiles/CMakeTmp/src.cxx
cc1plus: warning: command line option ‘-Wstrict-prototypes’ is valid for C/ObjC but not for C++
/home/sampannat/Downloads/Learning/C++/Project/build/CMakeFiles/CMakeTmp/src.cxx:1: warning: ignoring #pragma   [-Wunknown-pragmas]
    1 | #pragma
      | 
Linking CXX executable cmTC_5a9d9
/usr/bin/cmake -E cmake_link_script CMakeFiles/cmTC_5a9d9.dir/link.txt --verbose=1
/usr/bin/c++    -O3 -DNDEBUG    CMakeFiles/cmTC_5a9d9.dir/src.cxx.o  -o cmTC_5a9d9 
make[1]: Leaving directory '/home/sampannat/Downloads/Learning/C++/Project/build/CMakeFiles/CMakeTmp'


===== END =====

Build output check failed:
    Regex: 'command[- ]line option .* is valid for .* but not for C'
    Output line: 'cc1: warning: command line option ‘-Wsign-promo’ is valid for C++/ObjC++ but not for C'
Compilation failed:
    source file: '/home/sampannat/Downloads/Learning/C++/Project/build/CMakeFiles/CMakeTmp/src.c'
    check option: ' -fsigned-char -W -Wall -Wreturn-type -Waddress -Wsequence-point -Wformat -Wformat-security -Wmissing-declarations -Wmissing-prototypes -Wstrict-prototypes -Wundef -Winit-self -Wpointer-arith -Wshadow  -Wsign-promo'
===== BUILD LOG =====
Change Dir: /home/sampannat/Downloads/Learning/C++/Project/build/CMakeFiles/CMakeTmp

Run Build Command(s):/usr/bin/make cmTC_a8fcf/fast && /usr/bin/make -f CMakeFiles/cmTC_a8fcf.dir/build.make CMakeFiles/cmTC_a8fcf.dir/build
make[1]: Entering directory '/home/sampannat/Downloads/Learning/C++/Project/build/CMakeFiles/CMakeTmp'
Building C object CMakeFiles/cmTC_a8fcf.dir/src.c.o
/usr/bin/cc   -O3 -DNDEBUG -fPIE    -fsigned-char -W -Wall -Wreturn-type -Waddress -Wsequence-point -Wformat -Wformat-security -Wmissing-declarations -Wmissing-prototypes -Wstrict-prototypes -Wundef -Winit-self -Wpointer-arith -Wshadow  -Wsign-promo -o CMakeFiles/cmTC_a8fcf.dir/src.c.o   -c /home/sampannat/Downloads/Learning/C++/Project/build/CMakeFiles/CMakeTmp/src.c
cc1: warning: command line option ‘-Wsign-promo’ is valid for C++/ObjC++ but not for C
/home/sampannat/Downloads/Learning/C++/Project/build/CMakeFiles/CMakeTmp/src.c:1: warning: ignoring #pragma   [-Wunknown-pragmas]
    1 | #pragma
      | 
Linking C executable cmTC_a8fcf
/usr/bin/cmake -E cmake_link_script CMakeFiles/cmTC_a8fcf.dir/link.txt --verbose=1
/usr/bin/cc   -O3 -DNDEBUG    CMakeFiles/cmTC_a8fcf.dir/src.c.o  -o cmTC_a8fcf 
make[1]: Leaving directory '/home/sampannat/Downloads/Learning/C++/Project/build/CMakeFiles/CMakeTmp'


===== END =====

Build output check failed:
    Regex: 'command[- ]line option .* is valid for .* but not for C'
    Output line: 'cc1: warning: command line option ‘-Wsuggest-override’ is valid for C++/ObjC++ but not for C'
Compilation failed:
    source file: '/home/sampannat/Downloads/Learning/C++/Project/build/CMakeFiles/CMakeTmp/src.c'
    check option: ' -fsigned-char -W -Wall -Wreturn-type -Waddress -Wsequence-point -Wformat -Wformat-security -Wmissing-declarations -Wmissing-prototypes -Wstrict-prototypes -Wundef -Winit-self -Wpointer-arith -Wshadow -Wuninitialized  -Wsuggest-override'
===== BUILD LOG =====
Change Dir: /home/sampannat/Downloads/Learning/C++/Project/build/CMakeFiles/CMakeTmp

Run Build Command(s):/usr/bin/make cmTC_53aaf/fast && /usr/bin/make -f CMakeFiles/cmTC_53aaf.dir/build.make CMakeFiles/cmTC_53aaf.dir/build
make[1]: Entering directory '/home/sampannat/Downloads/Learning/C++/Project/build/CMakeFiles/CMakeTmp'
Building C object CMakeFiles/cmTC_53aaf.dir/src.c.o
/usr/bin/cc   -O3 -DNDEBUG -fPIE    -fsigned-char -W -Wall -Wreturn-type -Waddress -Wsequence-point -Wformat -Wformat-security -Wmissing-declarations -Wmissing-prototypes -Wstrict-prototypes -Wundef -Winit-self -Wpointer-arith -Wshadow -Wuninitialized  -Wsuggest-override -o CMakeFiles/cmTC_53aaf.dir/src.c.o   -c /home/sampannat/Downloads/Learning/C++/Project/build/CMakeFiles/CMakeTmp/src.c
cc1: warning: command line option ‘-Wsuggest-override’ is valid for C++/ObjC++ but not for C
/home/sampannat/Downloads/Learning/C++/Project/build/CMakeFiles/CMakeTmp/src.c:1: warning: ignoring #pragma   [-Wunknown-pragmas]
    1 | #pragma
      | 
Linking C executable cmTC_53aaf
/usr/bin/cmake -E cmake_link_script CMakeFiles/cmTC_53aaf.dir/link.txt --verbose=1
/usr/bin/cc   -O3 -DNDEBUG    CMakeFiles/cmTC_53aaf.dir/src.c.o  -o cmTC_53aaf 
make[1]: Leaving directory '/home/sampannat/Downloads/Learning/C++/Project/build/CMakeFiles/CMakeTmp'


===== END =====

Build output check failed:
    Regex: 'command[- ]line option .* is valid for .* but not for C'
    Output line: 'cc1: warning: command line option ‘-Wno-delete-non-virtual-dtor’ is valid for C++/ObjC++ but not for C'
Compilation failed:
    source file: '/home/sampannat/Downloads/Learning/C++/Project/build/CMakeFiles/CMakeTmp/src.c'
    check option: ' -fsigned-char -W -Wall -Wreturn-type -Waddress -Wsequence-point -Wformat -Wformat-security -Wmissing-declarations -Wmissing-prototypes -Wstrict-prototypes -Wundef -Winit-self -Wpointer-arith -Wshadow -Wuninitialized  -Wno-delete-non-virtual-dtor'
===== BUILD LOG =====
Change Dir: /home/sampannat/Downloads/Learning/C++/Project/build/CMakeFiles/CMakeTmp

Run Build Command(s):/usr/bin/make cmTC_92983/fast && /usr/bin/make -f CMakeFiles/cmTC_92983.dir/build.make CMakeFiles/cmTC_92983.dir/build
make[1]: Entering directory '/home/sampannat/Downloads/Learning/C++/Project/build/CMakeFiles/CMakeTmp'
Building C object CMakeFiles/cmTC_92983.dir/src.c.o
/usr/bin/cc   -O3 -DNDEBUG -fPIE    -fsigned-char -W -Wall -Wreturn-type -Waddress -Wsequence-point -Wformat -Wformat-security -Wmissing-declarations -Wmissing-prototypes -Wstrict-prototypes -Wundef -Winit-self -Wpointer-arith -Wshadow -Wuninitialized  -Wno-delete-non-virtual-dtor -o CMakeFiles/cmTC_92983.dir/src.c.o   -c /home/sampannat/Downloads/Learning/C++/Project/build/CMakeFiles/CMakeTmp/src.c
cc1: warning: command line option ‘-Wno-delete-non-virtual-dtor’ is valid for C++/ObjC++ but not for C
/home/sampannat/Downloads/Learning/C++/Project/build/CMakeFiles/CMakeTmp/src.c:1: warning: ignoring #pragma   [-Wunknown-pragmas]
    1 | #pragma
      | 
Linking C executable cmTC_92983
/usr/bin/cmake -E cmake_link_script CMakeFiles/cmTC_92983.dir/link.txt --verbose=1
/usr/bin/cc   -O3 -DNDEBUG    CMakeFiles/cmTC_92983.dir/src.c.o  -o cmTC_92983 
make[1]: Leaving directory '/home/sampannat/Downloads/Learning/C++/Project/build/CMakeFiles/CMakeTmp'


===== END =====

Build output check failed:
    Regex: 'unrecognized .*option'
    Output line: 'cc1plus: warning: unrecognized command line option ‘-Wno-unnamed-type-template-args’'
Compilation failed:
    source file: '/home/sampannat/Downloads/Learning/C++/Project/build/CMakeFiles/CMakeTmp/src.cxx'
    check option: ' -fsigned-char -W -Wall -Wreturn-type -Wnon-virtual-dtor -Waddress -Wsequence-point -Wformat -Wformat-security -Wmissing-declarations -Wundef -Winit-self -Wpointer-arith -Wshadow -Wsign-promo -Wuninitialized -Wsuggest-override -Wno-delete-non-virtual-dtor  -Wno-unnamed-type-template-args'
===== BUILD LOG =====
Change Dir: /home/sampannat/Downloads/Learning/C++/Project/build/CMakeFiles/CMakeTmp

Run Build Command(s):/usr/bin/make cmTC_0c951/fast && /usr/bin/make -f CMakeFiles/cmTC_0c951.dir/build.make CMakeFiles/cmTC_0c951.dir/build
make[1]: Entering directory '/home/sampannat/Downloads/Learning/C++/Project/build/CMakeFiles/CMakeTmp'
Building CXX object CMakeFiles/cmTC_0c951.dir/src.cxx.o
/usr/bin/c++    -O3 -DNDEBUG -fPIE    -fsigned-char -W -Wall -Wreturn-type -Wnon-virtual-dtor -Waddress -Wsequence-point -Wformat -Wformat-security -Wmissing-declarations -Wundef -Winit-self -Wpointer-arith -Wshadow -Wsign-promo -Wuninitialized -Wsuggest-override -Wno-delete-non-virtual-dtor  -Wno-unnamed-type-template-args -std=c++11 -o CMakeFiles/cmTC_0c951.dir/src.cxx.o -c /home/sampannat/Downloads/Learning/C++/Project/build/CMakeFiles/CMakeTmp/src.cxx
/home/sampannat/Downloads/Learning/C++/Project/build/CMakeFiles/CMakeTmp/src.cxx:1: warning: ignoring #pragma   [-Wunknown-pragmas]
    1 | #pragma
      | 
cc1plus: warning: unrecognized command line option ‘-Wno-unnamed-type-template-args’
Linking CXX executable cmTC_0c951
/usr/bin/cmake -E cmake_link_script CMakeFiles/cmTC_0c951.dir/link.txt --verbose=1
/usr/bin/c++    -O3 -DNDEBUG    CMakeFiles/cmTC_0c951.dir/src.cxx.o  -o cmTC_0c951 
make[1]: Leaving directory '/home/sampannat/Downloads/Learning/C++/Project/build/CMakeFiles/CMakeTmp'


===== END =====

Build output check failed:
    Regex: 'unrecognized .*option'
    Output line: 'cc1: warning: unrecognized command line option ‘-Wno-unnamed-type-template-args’'
Compilation failed:
    source file: '/home/sampannat/Downloads/Learning/C++/Project/build/CMakeFiles/CMakeTmp/src.c'
    check option: ' -fsigned-char -W -Wall -Wreturn-type -Waddress -Wsequence-point -Wformat -Wformat-security -Wmissing-declarations -Wmissing-prototypes -Wstrict-prototypes -Wundef -Winit-self -Wpointer-arith -Wshadow -Wuninitialized  -Wno-unnamed-type-template-args'
===== BUILD LOG =====
Change Dir: /home/sampannat/Downloads/Learning/C++/Project/build/CMakeFiles/CMakeTmp

Run Build Command(s):/usr/bin/make cmTC_2be4a/fast && /usr/bin/make -f CMakeFiles/cmTC_2be4a.dir/build.make CMakeFiles/cmTC_2be4a.dir/build
make[1]: Entering directory '/home/sampannat/Downloads/Learning/C++/Project/build/CMakeFiles/CMakeTmp'
Building C object CMakeFiles/cmTC_2be4a.dir/src.c.o
/usr/bin/cc   -O3 -DNDEBUG -fPIE    -fsigned-char -W -Wall -Wreturn-type -Waddress -Wsequence-point -Wformat -Wformat-security -Wmissing-declarations -Wmissing-prototypes -Wstrict-prototypes -Wundef -Winit-self -Wpointer-arith -Wshadow -Wuninitialized  -Wno-unnamed-type-template-args -o CMakeFiles/cmTC_2be4a.dir/src.c.o   -c /home/sampannat/Downloads/Learning/C++/Project/build/CMakeFiles/CMakeTmp/src.c
/home/sampannat/Downloads/Learning/C++/Project/build/CMakeFiles/CMakeTmp/src.c:1: warning: ignoring #pragma   [-Wunknown-pragmas]
    1 | #pragma
      | 
cc1: warning: unrecognized command line option ‘-Wno-unnamed-type-template-args’
Linking C executable cmTC_2be4a
/usr/bin/cmake -E cmake_link_script CMakeFiles/cmTC_2be4a.dir/link.txt --verbose=1
/usr/bin/cc   -O3 -DNDEBUG    CMakeFiles/cmTC_2be4a.dir/src.c.o  -o cmTC_2be4a 
make[1]: Leaving directory '/home/sampannat/Downloads/Learning/C++/Project/build/CMakeFiles/CMakeTmp'


===== END =====

Build output check failed:
    Regex: 'command[- ]line option .* is valid for .* but not for C'
    Output line: 'cc1: warning: command line option ‘-fvisibility-inlines-hidden’ is valid for C++/ObjC++ but not for C'
Compilation failed:
    source file: '/home/sampannat/Downloads/Learning/C++/Project/build/CMakeFiles/CMakeTmp/src.c'
    check option: ' -fsigned-char -W -Wall -Wreturn-type -Waddress -Wsequence-point -Wformat -Wformat-security -Wmissing-declarations -Wmissing-prototypes -Wstrict-prototypes -Wundef -Winit-self -Wpointer-arith -Wshadow -Wuninitialized -Wno-comment -Wimplicit-fallthrough=3 -Wno-strict-overflow -fdiagnostics-show-option -Wno-long-long -pthread -fomit-frame-pointer -ffunction-sections -fdata-sections  -msse -msse2 -msse3 -fvisibility=hidden  -fvisibility-inlines-hidden'
===== BUILD LOG =====
Change Dir: /home/sampannat/Downloads/Learning/C++/Project/build/CMakeFiles/CMakeTmp

Run Build Command(s):/usr/bin/make cmTC_f10de/fast && /usr/bin/make -f CMakeFiles/cmTC_f10de.dir/build.make CMakeFiles/cmTC_f10de.dir/build
make[1]: Entering directory '/home/sampannat/Downloads/Learning/C++/Project/build/CMakeFiles/CMakeTmp'
Building C object CMakeFiles/cmTC_f10de.dir/src.c.o
/usr/bin/cc   -O3 -DNDEBUG -fPIE    -fsigned-char -W -Wall -Wreturn-type -Waddress -Wsequence-point -Wformat -Wformat-security -Wmissing-declarations -Wmissing-prototypes -Wstrict-prototypes -Wundef -Winit-self -Wpointer-arith -Wshadow -Wuninitialized -Wno-comment -Wimplicit-fallthrough=3 -Wno-strict-overflow -fdiagnostics-show-option -Wno-long-long -pthread -fomit-frame-pointer -ffunction-sections -fdata-sections  -msse -msse2 -msse3 -fvisibility=hidden  -fvisibility-inlines-hidden -o CMakeFiles/cmTC_f10de.dir/src.c.o   -c /home/sampannat/Downloads/Learning/C++/Project/build/CMakeFiles/CMakeTmp/src.c
cc1: warning: command line option ‘-fvisibility-inlines-hidden’ is valid for C++/ObjC++ but not for C
/home/sampannat/Downloads/Learning/C++/Project/build/CMakeFiles/CMakeTmp/src.c:1: warning: ignoring #pragma   [-Wunknown-pragmas]
    1 | #pragma
      | 
Linking C executable cmTC_f10de
/usr/bin/cmake -E cmake_link_script CMakeFiles/cmTC_f10de.dir/link.txt --verbose=1
/usr/bin/cc   -O3 -DNDEBUG    CMakeFiles/cmTC_f10de.dir/src.c.o  -o cmTC_f10de 
make[1]: Leaving directory '/home/sampannat/Downloads/Learning/C++/Project/build/CMakeFiles/CMakeTmp'


===== END =====

Build output check failed:
    Regex: 'unrecognized .*option'
    Output line: 'cc1: warning: unrecognized command line option ‘-Wno-shorten-64-to-32’'
Compilation failed:
    source file: '/home/sampannat/Downloads/Learning/C++/Project/build/CMakeFiles/CMakeTmp/src.c'
    check option: ' -Wno-shorten-64-to-32'
===== BUILD LOG =====
Change Dir: /home/sampannat/Downloads/Learning/C++/Project/build/CMakeFiles/CMakeTmp

Run Build Command(s):/usr/bin/make cmTC_36384/fast && /usr/bin/make -f CMakeFiles/cmTC_36384.dir/build.make CMakeFiles/cmTC_36384.dir/build
make[1]: Entering directory '/home/sampannat/Downloads/Learning/C++/Project/build/CMakeFiles/CMakeTmp'
Building C object CMakeFiles/cmTC_36384.dir/src.c.o
/usr/bin/cc   -fsigned-char -W -Wall -Wreturn-type -Waddress -Wsequence-point -Wformat -Wformat-security -Wmissing-declarations -Wmissing-prototypes -Wstrict-prototypes -Wundef -Winit-self -Wpointer-arith -Wshadow -Wuninitialized -Wno-comment -Wimplicit-fallthrough=3 -Wno-strict-overflow -fdiagnostics-show-option -Wno-long-long -pthread -fomit-frame-pointer -ffunction-sections -fdata-sections  -msse -msse2 -msse3 -fvisibility=hidden -Wno-unused-parameter -Wno-sign-compare  -O3 -DNDEBUG  -DNDEBUG -fPIE    -Wno-shorten-64-to-32 -o CMakeFiles/cmTC_36384.dir/src.c.o   -c /home/sampannat/Downloads/Learning/C++/Project/build/CMakeFiles/CMakeTmp/src.c
/home/sampannat/Downloads/Learning/C++/Project/build/CMakeFiles/CMakeTmp/src.c:1: warning: ignoring #pragma   [-Wunknown-pragmas]
    1 | #pragma
      | 
cc1: warning: unrecognized command line option ‘-Wno-shorten-64-to-32’
Linking C executable cmTC_36384
/usr/bin/cmake -E cmake_link_script CMakeFiles/cmTC_36384.dir/link.txt --verbose=1
/usr/bin/cc    -fsigned-char -W -Wall -Wreturn-type -Waddress -Wsequence-point -Wformat -Wformat-security -Wmissing-declarations -Wmissing-prototypes -Wstrict-prototypes -Wundef -Winit-self -Wpointer-arith -Wshadow -Wuninitialized -Wno-comment -Wimplicit-fallthrough=3 -Wno-strict-overflow -fdiagnostics-show-option -Wno-long-long -pthread -fomit-frame-pointer -ffunction-sections -fdata-sections  -msse -msse2 -msse3 -fvisibility=hidden -Wno-unused-parameter -Wno-sign-compare  -O3 -DNDEBUG  -DNDEBUG    -Wl,--gc-sections -Wl,--as-needed -Wl,--no-undefined  CMakeFiles/cmTC_36384.dir/src.c.o  -o cmTC_36384 
make[1]: Leaving directory '/home/sampannat/Downloads/Learning/C++/Project/build/CMakeFiles/CMakeTmp'


===== END =====

Determining if the include file io.h exists failed with the following output:
Change Dir: /home/sampannat/Downloads/Learning/C++/Project/build/CMakeFiles/CMakeTmp

Run Build Command(s):/usr/bin/make cmTC_6bc8f/fast && /usr/bin/make -f CMakeFiles/cmTC_6bc8f.dir/build.make CMakeFiles/cmTC_6bc8f.dir/build
make[1]: Entering directory '/home/sampannat/Downloads/Learning/C++/Project/build/CMakeFiles/CMakeTmp'
Building C object CMakeFiles/cmTC_6bc8f.dir/CheckIncludeFile.c.o
/usr/bin/cc   -fsigned-char -W -Wall -Wreturn-type -Waddress -Wsequence-point -Wformat -Wformat-security -Wmissing-declarations -Wmissing-prototypes -Wstrict-prototypes -Wundef -Winit-self -Wpointer-arith -Wshadow -Wuninitialized -Wno-comment -Wimplicit-fallthrough=3 -Wno-strict-overflow -fdiagnostics-show-option -Wno-long-long -pthread -fomit-frame-pointer -ffunction-sections -fdata-sections  -msse -msse2 -msse3 -fvisibility=hidden  -O3 -DNDEBUG  -DNDEBUG -fPIE   -o CMakeFiles/cmTC_6bc8f.dir/CheckIncludeFile.c.o   -c /home/sampannat/Downloads/Learning/C++/Project/build/CMakeFiles/CMakeTmp/CheckIncludeFile.c
/home/sampannat/Downloads/Learning/C++/Project/build/CMakeFiles/CMakeTmp/CheckIncludeFile.c:1:10: fatal error: io.h: No such file or directory
    1 | #include <io.h>
      |          ^~~~~~
compilation terminated.
make[1]: *** [CMakeFiles/cmTC_6bc8f.dir/build.make:66: CMakeFiles/cmTC_6bc8f.dir/CheckIncludeFile.c.o] Error 1
make[1]: Leaving directory '/home/sampannat/Downloads/Learning/C++/Project/build/CMakeFiles/CMakeTmp'
make: *** [Makefile:121: cmTC_6bc8f/fast] Error 2



Determining size of INT8 failed with the following output:
Change Dir: /home/sampannat/Downloads/Learning/C++/Project/build/CMakeFiles/CMakeTmp

Run Build Command(s):/usr/bin/make cmTC_31b08/fast && /usr/bin/make -f CMakeFiles/cmTC_31b08.dir/build.make CMakeFiles/cmTC_31b08.dir/build
make[1]: Entering directory '/home/sampannat/Downloads/Learning/C++/Project/build/CMakeFiles/CMakeTmp'
Building C object CMakeFiles/cmTC_31b08.dir/int8.c.o
/usr/bin/cc   -fsigned-char -W -Wall -Wreturn-type -Waddress -Wsequence-point -Wformat -Wformat-security -Wmissing-declarations -Wmissing-prototypes -Wstrict-prototypes -Wundef -Winit-self -Wpointer-arith -Wshadow -Wuninitialized -Wno-comment -Wimplicit-fallthrough=3 -Wno-strict-overflow -fdiagnostics-show-option -Wno-long-long -pthread -fomit-frame-pointer -ffunction-sections -fdata-sections  -msse -msse2 -msse3 -fvisibility=hidden  -O3 -DNDEBUG  -DNDEBUG -fPIE   -o CMakeFiles/cmTC_31b08.dir/int8.c.o   -c /home/sampannat/Downloads/Learning/C++/Project/build/CMakeFiles/CheckTypeSize/int8.c
/home/sampannat/Downloads/Learning/C++/Project/build/CMakeFiles/CheckTypeSize/int8.c:23:22: error: ‘INT8’ undeclared here (not in a function); did you mean ‘INT8_C’?
   23 | #define SIZE (sizeof(INT8))
      |                      ^~~~
/home/sampannat/Downloads/Learning/C++/Project/build/CMakeFiles/CheckTypeSize/int8.c:25:12: note: in expansion of macro ‘SIZE’
   25 |   ('0' + ((SIZE / 10000)%10)),
      |            ^~~~
make[1]: *** [CMakeFiles/cmTC_31b08.dir/build.make:66: CMakeFiles/cmTC_31b08.dir/int8.c.o] Error 1
make[1]: Leaving directory '/home/sampannat/Downloads/Learning/C++/Project/build/CMakeFiles/CMakeTmp'
make: *** [Makefile:121: cmTC_31b08/fast] Error 2


/home/sampannat/Downloads/Learning/C++/Project/build/CMakeFiles/CheckTypeSize/int8.c:
#include <sys/types.h>
#include <stdint.h>
#include <stddef.h>


#undef KEY
#if defined(__i386)
# define KEY '_','_','i','3','8','6'
#elif defined(__x86_64)
# define KEY '_','_','x','8','6','_','6','4'
#elif defined(__ppc__)
# define KEY '_','_','p','p','c','_','_'
#elif defined(__ppc64__)
# define KEY '_','_','p','p','c','6','4','_','_'
#elif defined(__aarch64__)
# define KEY '_','_','a','a','r','c','h','6','4','_','_'
#elif defined(__ARM_ARCH_7A__)
# define KEY '_','_','A','R','M','_','A','R','C','H','_','7','A','_','_'
#elif defined(__ARM_ARCH_7S__)
# define KEY '_','_','A','R','M','_','A','R','C','H','_','7','S','_','_'
#endif

#define SIZE (sizeof(INT8))
static char info_size[] =  {'I', 'N', 'F', 'O', ':', 's','i','z','e','[',
  ('0' + ((SIZE / 10000)%10)),
  ('0' + ((SIZE / 1000)%10)),
  ('0' + ((SIZE / 100)%10)),
  ('0' + ((SIZE / 10)%10)),
  ('0' +  (SIZE    % 10)),
  ']',
#ifdef KEY
  ' ','k','e','y','[', KEY, ']',
#endif
  '\0'};

#ifdef __CLASSIC_C__
int main(argc, argv) int argc; char *argv[];
#else
int main(int argc, char *argv[])
#endif
{
  int require = 0;
  require += info_size[argc];
  (void)argv;
  return require;
}


Determining size of INT16 failed with the following output:
Change Dir: /home/sampannat/Downloads/Learning/C++/Project/build/CMakeFiles/CMakeTmp

Run Build Command(s):/usr/bin/make cmTC_fdf9d/fast && /usr/bin/make -f CMakeFiles/cmTC_fdf9d.dir/build.make CMakeFiles/cmTC_fdf9d.dir/build
make[1]: Entering directory '/home/sampannat/Downloads/Learning/C++/Project/build/CMakeFiles/CMakeTmp'
Building C object CMakeFiles/cmTC_fdf9d.dir/int16.c.o
/usr/bin/cc   -fsigned-char -W -Wall -Wreturn-type -Waddress -Wsequence-point -Wformat -Wformat-security -Wmissing-declarations -Wmissing-prototypes -Wstrict-prototypes -Wundef -Winit-self -Wpointer-arith -Wshadow -Wuninitialized -Wno-comment -Wimplicit-fallthrough=3 -Wno-strict-overflow -fdiagnostics-show-option -Wno-long-long -pthread -fomit-frame-pointer -ffunction-sections -fdata-sections  -msse -msse2 -msse3 -fvisibility=hidden  -O3 -DNDEBUG  -DNDEBUG -fPIE   -o CMakeFiles/cmTC_fdf9d.dir/int16.c.o   -c /home/sampannat/Downloads/Learning/C++/Project/build/CMakeFiles/CheckTypeSize/int16.c
/home/sampannat/Downloads/Learning/C++/Project/build/CMakeFiles/CheckTypeSize/int16.c:23:22: error: ‘INT16’ undeclared here (not in a function); did you mean ‘INT16_C’?
   23 | #define SIZE (sizeof(INT16))
      |                      ^~~~~
/home/sampannat/Downloads/Learning/C++/Project/build/CMakeFiles/CheckTypeSize/int16.c:25:12: note: in expansion of macro ‘SIZE’
   25 |   ('0' + ((SIZE / 10000)%10)),
      |            ^~~~
make[1]: *** [CMakeFiles/cmTC_fdf9d.dir/build.make:66: CMakeFiles/cmTC_fdf9d.dir/int16.c.o] Error 1
make[1]: Leaving directory '/home/sampannat/Downloads/Learning/C++/Project/build/CMakeFiles/CMakeTmp'
make: *** [Makefile:121: cmTC_fdf9d/fast] Error 2


/home/sampannat/Downloads/Learning/C++/Project/build/CMakeFiles/CheckTypeSize/int16.c:
#include <sys/types.h>
#include <stdint.h>
#include <stddef.h>


#undef KEY
#if defined(__i386)
# define KEY '_','_','i','3','8','6'
#elif defined(__x86_64)
# define KEY '_','_','x','8','6','_','6','4'
#elif defined(__ppc__)
# define KEY '_','_','p','p','c','_','_'
#elif defined(__ppc64__)
# define KEY '_','_','p','p','c','6','4','_','_'
#elif defined(__aarch64__)
# define KEY '_','_','a','a','r','c','h','6','4','_','_'
#elif defined(__ARM_ARCH_7A__)
# define KEY '_','_','A','R','M','_','A','R','C','H','_','7','A','_','_'
#elif defined(__ARM_ARCH_7S__)
# define KEY '_','_','A','R','M','_','A','R','C','H','_','7','S','_','_'
#endif

#define SIZE (sizeof(INT16))
static char info_size[] =  {'I', 'N', 'F', 'O', ':', 's','i','z','e','[',
  ('0' + ((SIZE / 10000)%10)),
  ('0' + ((SIZE / 1000)%10)),
  ('0' + ((SIZE / 100)%10)),
  ('0' + ((SIZE / 10)%10)),
  ('0' +  (SIZE    % 10)),
  ']',
#ifdef KEY
  ' ','k','e','y','[', KEY, ']',
#endif
  '\0'};

#ifdef __CLASSIC_C__
int main(argc, argv) int argc; char *argv[];
#else
int main(int argc, char *argv[])
#endif
{
  int require = 0;
  require += info_size[argc];
  (void)argv;
  return require;
}


Determining size of INT32 failed with the following output:
Change Dir: /home/sampannat/Downloads/Learning/C++/Project/build/CMakeFiles/CMakeTmp

Run Build Command(s):/usr/bin/make cmTC_802d3/fast && /usr/bin/make -f CMakeFiles/cmTC_802d3.dir/build.make CMakeFiles/cmTC_802d3.dir/build
make[1]: Entering directory '/home/sampannat/Downloads/Learning/C++/Project/build/CMakeFiles/CMakeTmp'
Building C object CMakeFiles/cmTC_802d3.dir/int32.c.o
/usr/bin/cc   -fsigned-char -W -Wall -Wreturn-type -Waddress -Wsequence-point -Wformat -Wformat-security -Wmissing-declarations -Wmissing-prototypes -Wstrict-prototypes -Wundef -Winit-self -Wpointer-arith -Wshadow -Wuninitialized -Wno-comment -Wimplicit-fallthrough=3 -Wno-strict-overflow -fdiagnostics-show-option -Wno-long-long -pthread -fomit-frame-pointer -ffunction-sections -fdata-sections  -msse -msse2 -msse3 -fvisibility=hidden  -O3 -DNDEBUG  -DNDEBUG -fPIE   -o CMakeFiles/cmTC_802d3.dir/int32.c.o   -c /home/sampannat/Downloads/Learning/C++/Project/build/CMakeFiles/CheckTypeSize/int32.c
/home/sampannat/Downloads/Learning/C++/Project/build/CMakeFiles/CheckTypeSize/int32.c:23:22: error: ‘INT32’ undeclared here (not in a function); did you mean ‘INT32_C’?
   23 | #define SIZE (sizeof(INT32))
      |                      ^~~~~
/home/sampannat/Downloads/Learning/C++/Project/build/CMakeFiles/CheckTypeSize/int32.c:25:12: note: in expansion of macro ‘SIZE’
   25 |   ('0' + ((SIZE / 10000)%10)),
      |            ^~~~
make[1]: *** [CMakeFiles/cmTC_802d3.dir/build.make:66: CMakeFiles/cmTC_802d3.dir/int32.c.o] Error 1
make[1]: Leaving directory '/home/sampannat/Downloads/Learning/C++/Project/build/CMakeFiles/CMakeTmp'
make: *** [Makefile:121: cmTC_802d3/fast] Error 2


/home/sampannat/Downloads/Learning/C++/Project/build/CMakeFiles/CheckTypeSize/int32.c:
#include <sys/types.h>
#include <stdint.h>
#include <stddef.h>


#undef KEY
#if defined(__i386)
# define KEY '_','_','i','3','8','6'
#elif defined(__x86_64)
# define KEY '_','_','x','8','6','_','6','4'
#elif defined(__ppc__)
# define KEY '_','_','p','p','c','_','_'
#elif defined(__ppc64__)
# define KEY '_','_','p','p','c','6','4','_','_'
#elif defined(__aarch64__)
# define KEY '_','_','a','a','r','c','h','6','4','_','_'
#elif defined(__ARM_ARCH_7A__)
# define KEY '_','_','A','R','M','_','A','R','C','H','_','7','A','_','_'
#elif defined(__ARM_ARCH_7S__)
# define KEY '_','_','A','R','M','_','A','R','C','H','_','7','S','_','_'
#endif

#define SIZE (sizeof(INT32))
static char info_size[] =  {'I', 'N', 'F', 'O', ':', 's','i','z','e','[',
  ('0' + ((SIZE / 10000)%10)),
  ('0' + ((SIZE / 1000)%10)),
  ('0' + ((SIZE / 100)%10)),
  ('0' + ((SIZE / 10)%10)),
  ('0' +  (SIZE    % 10)),
  ']',
#ifdef KEY
  ' ','k','e','y','[', KEY, ']',
#endif
  '\0'};

#ifdef __CLASSIC_C__
int main(argc, argv) int argc; char *argv[];
#else
int main(int argc, char *argv[])
#endif
{
  int require = 0;
  require += info_size[argc];
  (void)argv;
  return require;
}


Determining if the function setmode exists failed with the following output:
Change Dir: /home/sampannat/Downloads/Learning/C++/Project/build/CMakeFiles/CMakeTmp

Run Build Command(s):/usr/bin/make cmTC_f3ee1/fast && /usr/bin/make -f CMakeFiles/cmTC_f3ee1.dir/build.make CMakeFiles/cmTC_f3ee1.dir/build
make[1]: Entering directory '/home/sampannat/Downloads/Learning/C++/Project/build/CMakeFiles/CMakeTmp'
Building C object CMakeFiles/cmTC_f3ee1.dir/CheckFunctionExists.c.o
/usr/bin/cc   -fsigned-char -W -Wall -Wreturn-type -Waddress -Wsequence-point -Wformat -Wformat-security -Wmissing-declarations -Wmissing-prototypes -Wstrict-prototypes -Wundef -Winit-self -Wpointer-arith -Wshadow -Wuninitialized -Wno-comment -Wimplicit-fallthrough=3 -Wno-strict-overflow -fdiagnostics-show-option -Wno-long-long -pthread -fomit-frame-pointer -ffunction-sections -fdata-sections  -msse -msse2 -msse3 -fvisibility=hidden -DCHECK_FUNCTION_EXISTS=setmode -O3 -DNDEBUG  -DNDEBUG -fPIE   -o CMakeFiles/cmTC_f3ee1.dir/CheckFunctionExists.c.o   -c /usr/share/cmake-3.16/Modules/CheckFunctionExists.c
Linking C executable cmTC_f3ee1
/usr/bin/cmake -E cmake_link_script CMakeFiles/cmTC_f3ee1.dir/link.txt --verbose=1
/usr/bin/cc    -fsigned-char -W -Wall -Wreturn-type -Waddress -Wsequence-point -Wformat -Wformat-security -Wmissing-declarations -Wmissing-prototypes -Wstrict-prototypes -Wundef -Winit-self -Wpointer-arith -Wshadow -Wuninitialized -Wno-comment -Wimplicit-fallthrough=3 -Wno-strict-overflow -fdiagnostics-show-option -Wno-long-long -pthread -fomit-frame-pointer -ffunction-sections -fdata-sections  -msse -msse2 -msse3 -fvisibility=hidden -DCHECK_FUNCTION_EXISTS=setmode -O3 -DNDEBUG  -DNDEBUG    -Wl,--gc-sections -Wl,--as-needed -Wl,--no-undefined  CMakeFiles/cmTC_f3ee1.dir/CheckFunctionExists.c.o  -o cmTC_f3ee1 
/usr/bin/ld: CMakeFiles/cmTC_f3ee1.dir/CheckFunctionExists.c.o: in function `main':
CheckFunctionExists.c:(.text.startup.main+0x10): undefined reference to `setmode'
collect2: error: ld returned 1 exit status
make[1]: *** [CMakeFiles/cmTC_f3ee1.dir/build.make:87: cmTC_f3ee1] Error 1
make[1]: Leaving directory '/home/sampannat/Downloads/Learning/C++/Project/build/CMakeFiles/CMakeTmp'
make: *** [Makefile:121: cmTC_f3ee1/fast] Error 2



Build output check failed:
    Regex: 'unrecognized .*option'
    Output line: 'cc1: warning: unrecognized command line option ‘-Wno-array-parameter’'
Compilation failed:
    source file: '/home/sampannat/Downloads/Learning/C++/Project/build/CMakeFiles/CMakeTmp/src.c'
    check option: ' -Wno-array-parameter'
===== BUILD LOG =====
Change Dir: /home/sampannat/Downloads/Learning/C++/Project/build/CMakeFiles/CMakeTmp

Run Build Command(s):/usr/bin/make cmTC_96611/fast && /usr/bin/make -f CMakeFiles/cmTC_96611.dir/build.make CMakeFiles/cmTC_96611.dir/build
make[1]: Entering directory '/home/sampannat/Downloads/Learning/C++/Project/build/CMakeFiles/CMakeTmp'
Building C object CMakeFiles/cmTC_96611.dir/src.c.o
/usr/bin/cc   -fsigned-char -W -Wall -Wreturn-type -Waddress -Wsequence-point -Wformat -Wformat-security -Wstrict-prototypes -Winit-self -Wpointer-arith -Wuninitialized -Wno-comment -Wno-strict-overflow -fdiagnostics-show-option -Wno-long-long -pthread -fomit-frame-pointer -ffunction-sections -fdata-sections  -msse -msse2 -msse3 -fvisibility=hidden -Wno-unused-but-set-variable -Wno-missing-prototypes -Wno-missing-declarations -Wno-undef -Wno-unused -Wno-sign-compare -Wno-cast-align -Wno-shadow -Wno-maybe-uninitialized -Wno-pointer-to-int-cast -Wno-int-to-pointer-cast -Wno-misleading-indentation -Wno-implicit-fallthrough -Wno-unused-parameter  -O3 -DNDEBUG  -DNDEBUG -fPIE    -Wno-array-parameter -o CMakeFiles/cmTC_96611.dir/src.c.o   -c /home/sampannat/Downloads/Learning/C++/Project/build/CMakeFiles/CMakeTmp/src.c
/home/sampannat/Downloads/Learning/C++/Project/build/CMakeFiles/CMakeTmp/src.c:1: warning: ignoring #pragma   [-Wunknown-pragmas]
    1 | #pragma
      | 
cc1: warning: unrecognized command line option ‘-Wno-array-parameter’
Linking C executable cmTC_96611
/usr/bin/cmake -E cmake_link_script CMakeFiles/cmTC_96611.dir/link.txt --verbose=1
/usr/bin/cc    -fsigned-char -W -Wall -Wreturn-type -Waddress -Wsequence-point -Wformat -Wformat-security -Wstrict-prototypes -Winit-self -Wpointer-arith -Wuninitialized -Wno-comment -Wno-strict-overflow -fdiagnostics-show-option -Wno-long-long -pthread -fomit-frame-pointer -ffunction-sections -fdata-sections  -msse -msse2 -msse3 -fvisibility=hidden -Wno-unused-but-set-variable -Wno-missing-prototypes -Wno-missing-declarations -Wno-undef -Wno-unused -Wno-sign-compare -Wno-cast-align -Wno-shadow -Wno-maybe-uninitialized -Wno-pointer-to-int-cast -Wno-int-to-pointer-cast -Wno-misleading-indentation -Wno-implicit-fallthrough -Wno-unused-parameter  -O3 -DNDEBUG  -DNDEBUG    -Wl,--gc-sections -Wl,--as-needed -Wl,--no-undefined  CMakeFiles/cmTC_96611.dir/src.c.o  -o cmTC_96611 
make[1]: Leaving directory '/home/sampannat/Downloads/Learning/C++/Project/build/CMakeFiles/CMakeTmp'


===== END =====

Build output check failed:
    Regex: 'command[- ]line option .* is valid for .* but not for C\+\+'
    Output line: 'cc1plus: warning: command line option ‘-Wno-missing-prototypes’ is valid for C/ObjC but not for C++'
Compilation failed:
    source file: '/home/sampannat/Downloads/Learning/C++/Project/build/CMakeFiles/CMakeTmp/src.cxx'
    check option: ' -Wno-missing-prototypes'
===== BUILD LOG =====
Change Dir: /home/sampannat/Downloads/Learning/C++/Project/build/CMakeFiles/CMakeTmp

Run Build Command(s):/usr/bin/make cmTC_8d371/fast && /usr/bin/make -f CMakeFiles/cmTC_8d371.dir/build.make CMakeFiles/cmTC_8d371.dir/build
make[1]: Entering directory '/home/sampannat/Downloads/Learning/C++/Project/build/CMakeFiles/CMakeTmp'
Building CXX object CMakeFiles/cmTC_8d371.dir/src.cxx.o
/usr/bin/c++    -fsigned-char -W -Wall -Wreturn-type -Wnon-virtual-dtor -Waddress -Wsequence-point -Wformat -Wformat-security -Wundef -Winit-self -Wpointer-arith -Wshadow -Wsign-promo -Wuninitialized -Wsuggest-override -Wno-delete-non-virtual-dtor -Wno-comment -Wimplicit-fallthrough=3 -Wno-strict-overflow -fdiagnostics-show-option -Wno-long-long -pthread -fomit-frame-pointer -ffunction-sections -fdata-sections  -msse -msse2 -msse3 -fvisibility=hidden -fvisibility-inlines-hidden -Wno-missing-declarations -Wno-unused-parameter  -O3 -DNDEBUG  -DNDEBUG -fPIE    -Wno-missing-prototypes -std=c++11 -o CMakeFiles/cmTC_8d371.dir/src.cxx.o -c /home/sampannat/Downloads/Learning/C++/Project/build/CMakeFiles/CMakeTmp/src.cxx
cc1plus: warning: command line option ‘-Wno-missing-prototypes’ is valid for C/ObjC but not for C++
/home/sampannat/Downloads/Learning/C++/Project/build/CMakeFiles/CMakeTmp/src.cxx:1: warning: ignoring #pragma   [-Wunknown-pragmas]
    1 | #pragma
      | 
Linking CXX executable cmTC_8d371
/usr/bin/cmake -E cmake_link_script CMakeFiles/cmTC_8d371.dir/link.txt --verbose=1
/usr/bin/c++     -fsigned-char -W -Wall -Wreturn-type -Wnon-virtual-dtor -Waddress -Wsequence-point -Wformat -Wformat-security -Wundef -Winit-self -Wpointer-arith -Wshadow -Wsign-promo -Wuninitialized -Wsuggest-override -Wno-delete-non-virtual-dtor -Wno-comment -Wimplicit-fallthrough=3 -Wno-strict-overflow -fdiagnostics-show-option -Wno-long-long -pthread -fomit-frame-pointer -ffunction-sections -fdata-sections  -msse -msse2 -msse3 -fvisibility=hidden -fvisibility-inlines-hidden -Wno-missing-declarations -Wno-unused-parameter  -O3 -DNDEBUG  -DNDEBUG    -Wl,--gc-sections -Wl,--as-needed -Wl,--no-undefined  CMakeFiles/cmTC_8d371.dir/src.cxx.o  -o cmTC_8d371 
make[1]: Leaving directory '/home/sampannat/Downloads/Learning/C++/Project/build/CMakeFiles/CMakeTmp'


===== END =====

Build output check failed:
    Regex: 'unrecognized .*option'
    Output line: 'cc1: warning: unrecognized command line option ‘-Wno-implicit-const-int-float-conversion’'
Compilation failed:
    source file: '/home/sampannat/Downloads/Learning/C++/Project/build/CMakeFiles/CMakeTmp/src.c'
    check option: ' -Wno-implicit-const-int-float-conversion'
===== BUILD LOG =====
Change Dir: /home/sampannat/Downloads/Learning/C++/Project/build/CMakeFiles/CMakeTmp

Run Build Command(s):/usr/bin/make cmTC_baa6e/fast && /usr/bin/make -f CMakeFiles/cmTC_baa6e.dir/build.make CMakeFiles/cmTC_baa6e.dir/build
make[1]: Entering directory '/home/sampannat/Downloads/Learning/C++/Project/build/CMakeFiles/CMakeTmp'
Building C object CMakeFiles/cmTC_baa6e.dir/src.c.o
/usr/bin/cc   -fsigned-char -W -Wall -Wreturn-type -Waddress -Wsequence-point -Wformat -Wformat-security -Wmissing-declarations -Wmissing-prototypes -Wstrict-prototypes -Wundef -Winit-self -Wpointer-arith -Wshadow -Wuninitialized -Wno-comment -Wimplicit-fallthrough=3 -Wno-strict-overflow -fdiagnostics-show-option -Wno-long-long -pthread -fomit-frame-pointer -ffunction-sections -fdata-sections  -msse -msse2 -msse3 -fvisibility=hidden  -O3 -DNDEBUG  -DNDEBUG -fPIE    -Wno-implicit-const-int-float-conversion -o CMakeFiles/cmTC_baa6e.dir/src.c.o   -c /home/sampannat/Downloads/Learning/C++/Project/build/CMakeFiles/CMakeTmp/src.c
/home/sampannat/Downloads/Learning/C++/Project/build/CMakeFiles/CMakeTmp/src.c:1: warning: ignoring #pragma   [-Wunknown-pragmas]
    1 | #pragma
      | 
cc1: warning: unrecognized command line option ‘-Wno-implicit-const-int-float-conversion’
Linking C executable cmTC_baa6e
/usr/bin/cmake -E cmake_link_script CMakeFiles/cmTC_baa6e.dir/link.txt --verbose=1
/usr/bin/cc    -fsigned-char -W -Wall -Wreturn-type -Waddress -Wsequence-point -Wformat -Wformat-security -Wmissing-declarations -Wmissing-prototypes -Wstrict-prototypes -Wundef -Winit-self -Wpointer-arith -Wshadow -Wuninitialized -Wno-comment -Wimplicit-fallthrough=3 -Wno-strict-overflow -fdiagnostics-show-option -Wno-long-long -pthread -fomit-frame-pointer -ffunction-sections -fdata-sections  -msse -msse2 -msse3 -fvisibility=hidden  -O3 -DNDEBUG  -DNDEBUG    -Wl,--gc-sections -Wl,--as-needed -Wl,--no-undefined  CMakeFiles/cmTC_baa6e.dir/src.c.o  -o cmTC_baa6e 
make[1]: Leaving directory '/home/sampannat/Downloads/Learning/C++/Project/build/CMakeFiles/CMakeTmp'


===== END =====

Determining if the _aligned_malloc exist failed with the following output:
Change Dir: /home/sampannat/Downloads/Learning/C++/Project/build/CMakeFiles/CMakeTmp

Run Build Command(s):/usr/bin/make cmTC_9530f/fast && /usr/bin/make -f CMakeFiles/cmTC_9530f.dir/build.make CMakeFiles/cmTC_9530f.dir/build
make[1]: Entering directory '/home/sampannat/Downloads/Learning/C++/Project/build/CMakeFiles/CMakeTmp'
Building C object CMakeFiles/cmTC_9530f.dir/CheckSymbolExists.c.o
/usr/bin/cc   -fsigned-char -W -Wall -Wreturn-type -Waddress -Wsequence-point -Wformat -Wformat-security -Wmissing-declarations -Wmissing-prototypes -Wstrict-prototypes -Wundef -Winit-self -Wpointer-arith -Wshadow -Wuninitialized -Wno-comment -Wimplicit-fallthrough=3 -Wno-strict-overflow -fdiagnostics-show-option -Wno-long-long -pthread -fomit-frame-pointer -ffunction-sections -fdata-sections  -msse -msse2 -msse3 -fvisibility=hidden -Wno-unused-but-set-variable  -O3 -DNDEBUG  -DNDEBUG -fPIE   -o CMakeFiles/cmTC_9530f.dir/CheckSymbolExists.c.o   -c /home/sampannat/Downloads/Learning/C++/Project/build/CMakeFiles/CMakeTmp/CheckSymbolExists.c
/home/sampannat/Downloads/Learning/C++/Project/build/CMakeFiles/CMakeTmp/CheckSymbolExists.c: In function ‘main’:
/home/sampannat/Downloads/Learning/C++/Project/build/CMakeFiles/CMakeTmp/CheckSymbolExists.c:8:19: error: ‘_aligned_malloc’ undeclared (first use in this function)
    8 |   return ((int*)(&_aligned_malloc))[argc];
      |                   ^~~~~~~~~~~~~~~
/home/sampannat/Downloads/Learning/C++/Project/build/CMakeFiles/CMakeTmp/CheckSymbolExists.c:8:19: note: each undeclared identifier is reported only once for each function it appears in
/home/sampannat/Downloads/Learning/C++/Project/build/CMakeFiles/CMakeTmp/CheckSymbolExists.c:4:14: warning: parameter ‘argc’ set but not used [-Wunused-but-set-parameter]
    4 | int main(int argc, char** argv)
      |          ~~~~^~~~
make[1]: *** [CMakeFiles/cmTC_9530f.dir/build.make:66: CMakeFiles/cmTC_9530f.dir/CheckSymbolExists.c.o] Error 1
make[1]: Leaving directory '/home/sampannat/Downloads/Learning/C++/Project/build/CMakeFiles/CMakeTmp'
make: *** [Makefile:121: cmTC_9530f/fast] Error 2


File /home/sampannat/Downloads/Learning/C++/Project/build/CMakeFiles/CMakeTmp/CheckSymbolExists.c:
/* */
#include <malloc.h>

int main(int argc, char** argv)
{
  (void)argv;
#ifndef _aligned_malloc
  return ((int*)(&_aligned_malloc))[argc];
#else
  (void)argc;
  return 0;
#endif
}
Build output check failed:
    Regex: 'unrecognized .*option'
    Output line: 'cc1plus: warning: unrecognized command line option ‘-Wno-inconsistent-missing-override’'
Compilation failed:
    source file: '/home/sampannat/Downloads/Learning/C++/Project/build/CMakeFiles/CMakeTmp/src.cxx'
    check option: ' -Wno-inconsistent-missing-override'
===== BUILD LOG =====
Change Dir: /home/sampannat/Downloads/Learning/C++/Project/build/CMakeFiles/CMakeTmp

Run Build Command(s):/usr/bin/make cmTC_a6d58/fast && /usr/bin/make -f CMakeFiles/cmTC_a6d58.dir/build.make CMakeFiles/cmTC_a6d58.dir/build
make[1]: Entering directory '/home/sampannat/Downloads/Learning/C++/Project/build/CMakeFiles/CMakeTmp'
Building CXX object CMakeFiles/cmTC_a6d58.dir/src.cxx.o
/usr/bin/c++    -fsigned-char -W -Wall -Wreturn-type -Wnon-virtual-dtor -Waddress -Wsequence-point -Wformat -Wformat-security -Winit-self -Wpointer-arith -Wsign-promo -Wno-delete-non-virtual-dtor -Wno-comment -Wimplicit-fallthrough=3 -Wno-strict-overflow -fdiagnostics-show-option -Wno-long-long -pthread -fomit-frame-pointer -ffunction-sections -fdata-sections  -msse -msse2 -msse3 -fvisibility=hidden -fvisibility-inlines-hidden -Wno-shadow -Wno-unused -Wno-sign-compare -Wno-undef -Wno-missing-declarations -Wno-uninitialized -Wno-switch -Wno-parentheses -Wno-array-bounds -Wno-extra -Wno-deprecated-declarations -Wno-misleading-indentation -Wno-deprecated -Wno-suggest-override  -O3 -DNDEBUG  -DNDEBUG -fPIE    -Wno-inconsistent-missing-override -std=c++11 -o CMakeFiles/cmTC_a6d58.dir/src.cxx.o -c /home/sampannat/Downloads/Learning/C++/Project/build/CMakeFiles/CMakeTmp/src.cxx
/home/sampannat/Downloads/Learning/C++/Project/build/CMakeFiles/CMakeTmp/src.cxx:1: warning: ignoring #pragma   [-Wunknown-pragmas]
    1 | #pragma
      | 
cc1plus: warning: unrecognized command line option ‘-Wno-inconsistent-missing-override’
Linking CXX executable cmTC_a6d58
/usr/bin/cmake -E cmake_link_script CMakeFiles/cmTC_a6d58.dir/link.txt --verbose=1
/usr/bin/c++     -fsigned-char -W -Wall -Wreturn-type -Wnon-virtual-dtor -Waddress -Wsequence-point -Wformat -Wformat-security -Winit-self -Wpointer-arith -Wsign-promo -Wno-delete-non-virtual-dtor -Wno-comment -Wimplicit-fallthrough=3 -Wno-strict-overflow -fdiagnostics-show-option -Wno-long-long -pthread -fomit-frame-pointer -ffunction-sections -fdata-sections  -msse -msse2 -msse3 -fvisibility=hidden -fvisibility-inlines-hidden -Wno-shadow -Wno-unused -Wno-sign-compare -Wno-undef -Wno-missing-declarations -Wno-uninitialized -Wno-switch -Wno-parentheses -Wno-array-bounds -Wno-extra -Wno-deprecated-declarations -Wno-misleading-indentation -Wno-deprecated -Wno-suggest-override  -O3 -DNDEBUG  -DNDEBUG    -Wl,--gc-sections -Wl,--as-needed -Wl,--no-undefined  CMakeFiles/cmTC_a6d58.dir/src.cxx.o  -o cmTC_a6d58 
make[1]: Leaving directory '/home/sampannat/Downloads/Learning/C++/Project/build/CMakeFiles/CMakeTmp'


===== END =====

Build output check failed:
    Regex: 'unrecognized .*option'
    Output line: 'cc1plus: warning: unrecognized command line option ‘-Wno-implicit-const-int-float-conversion’'
Compilation failed:
    source file: '/home/sampannat/Downloads/Learning/C++/Project/build/CMakeFiles/CMakeTmp/src.cxx'
    check option: ' -Wno-implicit-const-int-float-conversion'
===== BUILD LOG =====
Change Dir: /home/sampannat/Downloads/Learning/C++/Project/build/CMakeFiles/CMakeTmp

Run Build Command(s):/usr/bin/make cmTC_3ae82/fast && /usr/bin/make -f CMakeFiles/cmTC_3ae82.dir/build.make CMakeFiles/cmTC_3ae82.dir/build
make[1]: Entering directory '/home/sampannat/Downloads/Learning/C++/Project/build/CMakeFiles/CMakeTmp'
Building CXX object CMakeFiles/cmTC_3ae82.dir/src.cxx.o
/usr/bin/c++    -fsigned-char -W -Wall -Wreturn-type -Wnon-virtual-dtor -Waddress -Wsequence-point -Wformat -Wformat-security -Winit-self -Wpointer-arith -Wsign-promo -Wno-delete-non-virtual-dtor -Wno-comment -Wno-strict-overflow -fdiagnostics-show-option -Wno-long-long -pthread -fomit-frame-pointer -ffunction-sections -fdata-sections  -msse -msse2 -msse3 -fvisibility=hidden -fvisibility-inlines-hidden -Wno-shadow -Wno-unused -Wno-sign-compare -Wno-undef -Wno-missing-declarations -Wno-uninitialized -Wno-switch -Wno-parentheses -Wno-array-bounds -Wno-extra -Wno-deprecated-declarations -Wno-misleading-indentation -Wno-deprecated -Wno-suggest-override -Wno-implicit-fallthrough -Wno-tautological-compare -Wno-reorder -Wno-unused-result  -O3 -DNDEBUG  -DNDEBUG -fPIE    -Wno-implicit-const-int-float-conversion -std=c++11 -o CMakeFiles/cmTC_3ae82.dir/src.cxx.o -c /home/sampannat/Downloads/Learning/C++/Project/build/CMakeFiles/CMakeTmp/src.cxx
/home/sampannat/Downloads/Learning/C++/Project/build/CMakeFiles/CMakeTmp/src.cxx:1: warning: ignoring #pragma   [-Wunknown-pragmas]
    1 | #pragma
      | 
cc1plus: warning: unrecognized command line option ‘-Wno-implicit-const-int-float-conversion’
Linking CXX executable cmTC_3ae82
/usr/bin/cmake -E cmake_link_script CMakeFiles/cmTC_3ae82.dir/link.txt --verbose=1
/usr/bin/c++     -fsigned-char -W -Wall -Wreturn-type -Wnon-virtual-dtor -Waddress -Wsequence-point -Wformat -Wformat-security -Winit-self -Wpointer-arith -Wsign-promo -Wno-delete-non-virtual-dtor -Wno-comment -Wno-strict-overflow -fdiagnostics-show-option -Wno-long-long -pthread -fomit-frame-pointer -ffunction-sections -fdata-sections  -msse -msse2 -msse3 -fvisibility=hidden -fvisibility-inlines-hidden -Wno-shadow -Wno-unused -Wno-sign-compare -Wno-undef -Wno-missing-declarations -Wno-uninitialized -Wno-switch -Wno-parentheses -Wno-array-bounds -Wno-extra -Wno-deprecated-declarations -Wno-misleading-indentation -Wno-deprecated -Wno-suggest-override -Wno-implicit-fallthrough -Wno-tautological-compare -Wno-reorder -Wno-unused-result  -O3 -DNDEBUG  -DNDEBUG    -Wl,--gc-sections -Wl,--as-needed -Wl,--no-undefined  CMakeFiles/cmTC_3ae82.dir/src.cxx.o  -o cmTC_3ae82 
make[1]: Leaving directory '/home/sampannat/Downloads/Learning/C++/Project/build/CMakeFiles/CMakeTmp'


===== END =====

Determining if the function sgemm_ exists failed with the following output:
Change Dir: /home/sampannat/Downloads/Learning/C++/Project/build/CMakeFiles/CMakeTmp

Run Build Command(s):/usr/bin/make cmTC_e282b/fast && /usr/bin/make -f CMakeFiles/cmTC_e282b.dir/build.make CMakeFiles/cmTC_e282b.dir/build
make[1]: Entering directory '/home/sampannat/Downloads/Learning/C++/Project/build/CMakeFiles/CMakeTmp'
Building C object CMakeFiles/cmTC_e282b.dir/CheckFunctionExists.c.o
/usr/bin/cc   -fsigned-char -W -Wall -Wreturn-type -Waddress -Wsequence-point -Wformat -Wformat-security -Wmissing-declarations -Wmissing-prototypes -Wstrict-prototypes -Wundef -Winit-self -Wpointer-arith -Wshadow -Wuninitialized -Wno-comment -Wimplicit-fallthrough=3 -Wno-strict-overflow -fdiagnostics-show-option -Wno-long-long -pthread -fomit-frame-pointer -ffunction-sections -fdata-sections  -msse -msse2 -msse3 -fvisibility=hidden -DCHECK_FUNCTION_EXISTS=sgemm_ -O3 -DNDEBUG  -DNDEBUG -fPIE   -o CMakeFiles/cmTC_e282b.dir/CheckFunctionExists.c.o   -c /usr/share/cmake-3.16/Modules/CheckFunctionExists.c
Linking C executable cmTC_e282b
/usr/bin/cmake -E cmake_link_script CMakeFiles/cmTC_e282b.dir/link.txt --verbose=1
/usr/bin/cc    -fsigned-char -W -Wall -Wreturn-type -Waddress -Wsequence-point -Wformat -Wformat-security -Wmissing-declarations -Wmissing-prototypes -Wstrict-prototypes -Wundef -Winit-self -Wpointer-arith -Wshadow -Wuninitialized -Wno-comment -Wimplicit-fallthrough=3 -Wno-strict-overflow -fdiagnostics-show-option -Wno-long-long -pthread -fomit-frame-pointer -ffunction-sections -fdata-sections  -msse -msse2 -msse3 -fvisibility=hidden -DCHECK_FUNCTION_EXISTS=sgemm_ -O3 -DNDEBUG  -DNDEBUG    -Wl,--gc-sections -Wl,--as-needed -Wl,--no-undefined  CMakeFiles/cmTC_e282b.dir/CheckFunctionExists.c.o  -o cmTC_e282b 
/usr/bin/ld: CMakeFiles/cmTC_e282b.dir/CheckFunctionExists.c.o: in function `main':
CheckFunctionExists.c:(.text.startup.main+0x10): undefined reference to `sgemm_'
collect2: error: ld returned 1 exit status
make[1]: *** [CMakeFiles/cmTC_e282b.dir/build.make:87: cmTC_e282b] Error 1
make[1]: Leaving directory '/home/sampannat/Downloads/Learning/C++/Project/build/CMakeFiles/CMakeTmp'
make: *** [Makefile:121: cmTC_e282b/fast] Error 2



Build output check failed:
    Regex: 'unrecognized .*option'
    Output line: 'cc1plus: warning: unrecognized command line option ‘-Wno-tautological-undefined-compare’'
Compilation failed:
    source file: '/home/sampannat/Downloads/Learning/C++/Project/build/CMakeFiles/CMakeTmp/src.cxx'
    check option: ' -Wno-tautological-undefined-compare'
===== BUILD LOG =====
Change Dir: /home/sampannat/Downloads/Learning/C++/Project/build/CMakeFiles/CMakeTmp

Run Build Command(s):/usr/bin/make cmTC_95f2b/fast && /usr/bin/make -f CMakeFiles/cmTC_95f2b.dir/build.make CMakeFiles/cmTC_95f2b.dir/build
make[1]: Entering directory '/home/sampannat/Downloads/Learning/C++/Project/build/CMakeFiles/CMakeTmp'
Building CXX object CMakeFiles/cmTC_95f2b.dir/src.cxx.o
/usr/bin/c++    -fsigned-char -W -Wall -Wreturn-type -Wnon-virtual-dtor -Waddress -Wsequence-point -Wformat -Wformat-security -Winit-self -Wpointer-arith -Wuninitialized -Wsuggest-override -Wno-delete-non-virtual-dtor -Wno-comment -Wimplicit-fallthrough=3 -Wno-strict-overflow -fdiagnostics-show-option -Wno-long-long -pthread -fomit-frame-pointer -ffunction-sections -fdata-sections  -msse -msse2 -msse3 -fvisibility=hidden -fvisibility-inlines-hidden -Wno-deprecated -Wno-missing-declarations -Wno-shadow -Wno-unused-parameter -Wno-unused-local-typedefs -Wno-sign-compare -Wno-sign-promo -Wno-undef  -O3 -DNDEBUG  -DNDEBUG -fPIE    -Wno-tautological-undefined-compare -std=c++11 -o CMakeFiles/cmTC_95f2b.dir/src.cxx.o -c /home/sampannat/Downloads/Learning/C++/Project/build/CMakeFiles/CMakeTmp/src.cxx
/home/sampannat/Downloads/Learning/C++/Project/build/CMakeFiles/CMakeTmp/src.cxx:1: warning: ignoring #pragma   [-Wunknown-pragmas]
    1 | #pragma
      | 
cc1plus: warning: unrecognized command line option ‘-Wno-tautological-undefined-compare’
Linking CXX executable cmTC_95f2b
/usr/bin/cmake -E cmake_link_script CMakeFiles/cmTC_95f2b.dir/link.txt --verbose=1
/usr/bin/c++     -fsigned-char -W -Wall -Wreturn-type -Wnon-virtual-dtor -Waddress -Wsequence-point -Wformat -Wformat-security -Winit-self -Wpointer-arith -Wuninitialized -Wsuggest-override -Wno-delete-non-virtual-dtor -Wno-comment -Wimplicit-fallthrough=3 -Wno-strict-overflow -fdiagnostics-show-option -Wno-long-long -pthread -fomit-frame-pointer -ffunction-sections -fdata-sections  -msse -msse2 -msse3 -fvisibility=hidden -fvisibility-inlines-hidden -Wno-deprecated -Wno-missing-declarations -Wno-shadow -Wno-unused-parameter -Wno-unused-local-typedefs -Wno-sign-compare -Wno-sign-promo -Wno-undef  -O3 -DNDEBUG  -DNDEBUG    -Wl,--gc-sections -Wl,--as-needed -Wl,--no-undefined  CMakeFiles/cmTC_95f2b.dir/src.cxx.o  -o cmTC_95f2b 
make[1]: Leaving directory '/home/sampannat/Downloads/Learning/C++/Project/build/CMakeFiles/CMakeTmp'


===== END =====

Build output check failed:
    Regex: 'unrecognized .*option'
    Output line: 'cc1plus: warning: unrecognized command line option ‘-Wno-shorten-64-to-32’'
Compilation failed:
    source file: '/home/sampannat/Downloads/Learning/C++/Project/build/CMakeFiles/CMakeTmp/src.cxx'
    check option: ' -Wno-shorten-64-to-32'
===== BUILD LOG =====
Change Dir: /home/sampannat/Downloads/Learning/C++/Project/build/CMakeFiles/CMakeTmp

Run Build Command(s):/usr/bin/make cmTC_e7f78/fast && /usr/bin/make -f CMakeFiles/cmTC_e7f78.dir/build.make CMakeFiles/cmTC_e7f78.dir/build
make[1]: Entering directory '/home/sampannat/Downloads/Learning/C++/Project/build/CMakeFiles/CMakeTmp'
Building CXX object CMakeFiles/cmTC_e7f78.dir/src.cxx.o
/usr/bin/c++    -fsigned-char -W -Wall -Wreturn-type -Wnon-virtual-dtor -Waddress -Wsequence-point -Wformat -Wformat-security -Winit-self -Wpointer-arith -Wuninitialized -Wsuggest-override -Wno-delete-non-virtual-dtor -Wno-comment -Wimplicit-fallthrough=3 -Wno-strict-overflow -fdiagnostics-show-option -Wno-long-long -pthread -fomit-frame-pointer -ffunction-sections -fdata-sections  -msse -msse2 -msse3 -fvisibility=hidden -fvisibility-inlines-hidden -Wno-deprecated -Wno-missing-declarations -Wno-shadow -Wno-unused-parameter -Wno-unused-local-typedefs -Wno-sign-compare -Wno-sign-promo -Wno-undef -Wno-ignored-qualifiers -Wno-extra -Wno-unused-function -Wno-unused-const-variable  -O3 -DNDEBUG  -DNDEBUG -fPIE    -Wno-shorten-64-to-32 -std=c++11 -o CMakeFiles/cmTC_e7f78.dir/src.cxx.o -c /home/sampannat/Downloads/Learning/C++/Project/build/CMakeFiles/CMakeTmp/src.cxx
/home/sampannat/Downloads/Learning/C++/Project/build/CMakeFiles/CMakeTmp/src.cxx:1: warning: ignoring #pragma   [-Wunknown-pragmas]
    1 | #pragma
      | 
cc1plus: warning: unrecognized command line option ‘-Wno-shorten-64-to-32’
Linking CXX executable cmTC_e7f78
/usr/bin/cmake -E cmake_link_script CMakeFiles/cmTC_e7f78.dir/link.txt --verbose=1
/usr/bin/c++     -fsigned-char -W -Wall -Wreturn-type -Wnon-virtual-dtor -Waddress -Wsequence-point -Wformat -Wformat-security -Winit-self -Wpointer-arith -Wuninitialized -Wsuggest-override -Wno-delete-non-virtual-dtor -Wno-comment -Wimplicit-fallthrough=3 -Wno-strict-overflow -fdiagnostics-show-option -Wno-long-long -pthread -fomit-frame-pointer -ffunction-sections -fdata-sections  -msse -msse2 -msse3 -fvisibility=hidden -fvisibility-inlines-hidden -Wno-deprecated -Wno-missing-declarations -Wno-shadow -Wno-unused-parameter -Wno-unused-local-typedefs -Wno-sign-compare -Wno-sign-promo -Wno-undef -Wno-ignored-qualifiers -Wno-extra -Wno-unused-function -Wno-unused-const-variable  -O3 -DNDEBUG  -DNDEBUG    -Wl,--gc-sections -Wl,--as-needed -Wl,--no-undefined  CMakeFiles/cmTC_e7f78.dir/src.cxx.o  -o cmTC_e7f78 
make[1]: Leaving directory '/home/sampannat/Downloads/Learning/C++/Project/build/CMakeFiles/CMakeTmp'


===== END =====

Build output check failed:
    Regex: 'unrecognized .*option'
    Output line: 'cc1plus: warning: unrecognized command line option ‘-Wno-enum-compare-switch’'
Compilation failed:
    source file: '/home/sampannat/Downloads/Learning/C++/Project/build/CMakeFiles/CMakeTmp/src.cxx'
    check option: ' -Wno-enum-compare-switch'
===== BUILD LOG =====
Change Dir: /home/sampannat/Downloads/Learning/C++/Project/build/CMakeFiles/CMakeTmp

Run Build Command(s):/usr/bin/make cmTC_7d8eb/fast && /usr/bin/make -f CMakeFiles/cmTC_7d8eb.dir/build.make CMakeFiles/cmTC_7d8eb.dir/build
make[1]: Entering directory '/home/sampannat/Downloads/Learning/C++/Project/build/CMakeFiles/CMakeTmp'
Building CXX object CMakeFiles/cmTC_7d8eb.dir/src.cxx.o
/usr/bin/c++    -fsigned-char -W -Wall -Wreturn-type -Wnon-virtual-dtor -Waddress -Wsequence-point -Wformat -Wformat-security -Winit-self -Wpointer-arith -Wuninitialized -Wsuggest-override -Wno-delete-non-virtual-dtor -Wno-comment -Wimplicit-fallthrough=3 -Wno-strict-overflow -fdiagnostics-show-option -Wno-long-long -pthread -fomit-frame-pointer -ffunction-sections -fdata-sections  -msse -msse2 -msse3 -fvisibility=hidden -fvisibility-inlines-hidden -Wno-deprecated -Wno-missing-declarations -Wno-shadow -Wno-unused-parameter -Wno-unused-local-typedefs -Wno-sign-compare -Wno-sign-promo -Wno-undef -Wno-ignored-qualifiers -Wno-extra -Wno-unused-function -Wno-unused-const-variable -Wno-invalid-offsetof  -O3 -DNDEBUG  -DNDEBUG -fPIE    -Wno-enum-compare-switch -std=c++11 -o CMakeFiles/cmTC_7d8eb.dir/src.cxx.o -c /home/sampannat/Downloads/Learning/C++/Project/build/CMakeFiles/CMakeTmp/src.cxx
/home/sampannat/Downloads/Learning/C++/Project/build/CMakeFiles/CMakeTmp/src.cxx:1: warning: ignoring #pragma   [-Wunknown-pragmas]
    1 | #pragma
      | 
cc1plus: warning: unrecognized command line option ‘-Wno-enum-compare-switch’
Linking CXX executable cmTC_7d8eb
/usr/bin/cmake -E cmake_link_script CMakeFiles/cmTC_7d8eb.dir/link.txt --verbose=1
/usr/bin/c++     -fsigned-char -W -Wall -Wreturn-type -Wnon-virtual-dtor -Waddress -Wsequence-point -Wformat -Wformat-security -Winit-self -Wpointer-arith -Wuninitialized -Wsuggest-override -Wno-delete-non-virtual-dtor -Wno-comment -Wimplicit-fallthrough=3 -Wno-strict-overflow -fdiagnostics-show-option -Wno-long-long -pthread -fomit-frame-pointer -ffunction-sections -fdata-sections  -msse -msse2 -msse3 -fvisibility=hidden -fvisibility-inlines-hidden -Wno-deprecated -Wno-missing-declarations -Wno-shadow -Wno-unused-parameter -Wno-unused-local-typedefs -Wno-sign-compare -Wno-sign-promo -Wno-undef -Wno-ignored-qualifiers -Wno-extra -Wno-unused-function -Wno-unused-const-variable -Wno-invalid-offsetof  -O3 -DNDEBUG  -DNDEBUG    -Wl,--gc-sections -Wl,--as-needed -Wl,--no-undefined  CMakeFiles/cmTC_7d8eb.dir/src.cxx.o  -o cmTC_7d8eb 
make[1]: Leaving directory '/home/sampannat/Downloads/Learning/C++/Project/build/CMakeFiles/CMakeTmp'


===== END =====

Determining if the include file sys/videoio.h exists failed with the following output:
Change Dir: /home/sampannat/Downloads/Learning/C++/Project/build/CMakeFiles/CMakeTmp

Run Build Command(s):/usr/bin/make cmTC_b1a81/fast && /usr/bin/make -f CMakeFiles/cmTC_b1a81.dir/build.make CMakeFiles/cmTC_b1a81.dir/build
make[1]: Entering directory '/home/sampannat/Downloads/Learning/C++/Project/build/CMakeFiles/CMakeTmp'
Building C object CMakeFiles/cmTC_b1a81.dir/CheckIncludeFile.c.o
/usr/bin/cc   -fsigned-char -W -Wall -Wreturn-type -Waddress -Wsequence-point -Wformat -Wformat-security -Wmissing-declarations -Wmissing-prototypes -Wstrict-prototypes -Wundef -Winit-self -Wpointer-arith -Wshadow -Wuninitialized -Wno-comment -Wimplicit-fallthrough=3 -Wno-strict-overflow -fdiagnostics-show-option -Wno-long-long -pthread -fomit-frame-pointer -ffunction-sections -fdata-sections  -msse -msse2 -msse3 -fvisibility=hidden  -O3 -DNDEBUG  -DNDEBUG -fPIE   -o CMakeFiles/cmTC_b1a81.dir/CheckIncludeFile.c.o   -c /home/sampannat/Downloads/Learning/C++/Project/build/CMakeFiles/CMakeTmp/CheckIncludeFile.c
/home/sampannat/Downloads/Learning/C++/Project/build/CMakeFiles/CMakeTmp/CheckIncludeFile.c:1:10: fatal error: sys/videoio.h: No such file or directory
    1 | #include <sys/videoio.h>
      |          ^~~~~~~~~~~~~~~
compilation terminated.
make[1]: *** [CMakeFiles/cmTC_b1a81.dir/build.make:66: CMakeFiles/cmTC_b1a81.dir/CheckIncludeFile.c.o] Error 1
make[1]: Leaving directory '/home/sampannat/Downloads/Learning/C++/Project/build/CMakeFiles/CMakeTmp'
make: *** [Makefile:121: cmTC_b1a81/fast] Error 2



Build output check failed:
    Regex: 'unrecognized .*option'
    Output line: 'cc1plus: warning: unrecognized command line option ‘-Wno-unused-private-field’'
Compilation failed:
    source file: '/home/sampannat/Downloads/Learning/C++/Project/build/CMakeFiles/CMakeTmp/src.cxx'
    check option: ' -Wno-unused-private-field'
===== BUILD LOG =====
Change Dir: /home/sampannat/Downloads/Learning/C++/Project/build/CMakeFiles/CMakeTmp

Run Build Command(s):/usr/bin/make cmTC_55e32/fast && /usr/bin/make -f CMakeFiles/cmTC_55e32.dir/build.make CMakeFiles/cmTC_55e32.dir/build
make[1]: Entering directory '/home/sampannat/Downloads/Learning/C++/Project/build/CMakeFiles/CMakeTmp'
Building CXX object CMakeFiles/cmTC_55e32.dir/src.cxx.o
/usr/bin/c++    -fsigned-char -W -Wall -Wreturn-type -Wnon-virtual-dtor -Waddress -Wsequence-point -Wformat -Wformat-security -Wmissing-declarations -Wundef -Winit-self -Wpointer-arith -Wshadow -Wsign-promo -Wuninitialized -Wsuggest-override -Wno-delete-non-virtual-dtor -Wno-comment -Wimplicit-fallthrough=3 -Wno-strict-overflow -fdiagnostics-show-option -Wno-long-long -pthread -fomit-frame-pointer -ffunction-sections -fdata-sections  -msse -msse2 -msse3 -fvisibility=hidden -fvisibility-inlines-hidden -Wno-unused-function -Wno-deprecated-declarations -Wno-overloaded-virtual  -O3 -DNDEBUG  -DNDEBUG -fPIE    -Wno-unused-private-field -std=c++11 -o CMakeFiles/cmTC_55e32.dir/src.cxx.o -c /home/sampannat/Downloads/Learning/C++/Project/build/CMakeFiles/CMakeTmp/src.cxx
/home/sampannat/Downloads/Learning/C++/Project/build/CMakeFiles/CMakeTmp/src.cxx:1: warning: ignoring #pragma   [-Wunknown-pragmas]
    1 | #pragma
      | 
cc1plus: warning: unrecognized command line option ‘-Wno-unused-private-field’
Linking CXX executable cmTC_55e32
/usr/bin/cmake -E cmake_link_script CMakeFiles/cmTC_55e32.dir/link.txt --verbose=1
/usr/bin/c++     -fsigned-char -W -Wall -Wreturn-type -Wnon-virtual-dtor -Waddress -Wsequence-point -Wformat -Wformat-security -Wmissing-declarations -Wundef -Winit-self -Wpointer-arith -Wshadow -Wsign-promo -Wuninitialized -Wsuggest-override -Wno-delete-non-virtual-dtor -Wno-comment -Wimplicit-fallthrough=3 -Wno-strict-overflow -fdiagnostics-show-option -Wno-long-long -pthread -fomit-frame-pointer -ffunction-sections -fdata-sections  -msse -msse2 -msse3 -fvisibility=hidden -fvisibility-inlines-hidden -Wno-unused-function -Wno-deprecated-declarations -Wno-overloaded-virtual  -O3 -DNDEBUG  -DNDEBUG    -Wl,--gc-sections -Wl,--as-needed -Wl,--no-undefined  CMakeFiles/cmTC_55e32.dir/src.cxx.o  -o cmTC_55e32 
make[1]: Leaving directory '/home/sampannat/Downloads/Learning/C++/Project/build/CMakeFiles/CMakeTmp'


===== END =====

